<?xml version="1.0" encoding="UTF-8"?>
<!-- Generated by org.testng.reporters.JUnitXMLReporter -->
<testsuite ignored="0" hostname="DESKTOP-JJE516S" failures="0" tests="5" name="myTest" time="38.224" errors="0" timestamp="2022-12-20T13:02:18 IST">
  <testcase classname="caseFile" name="test_case" time="6.955"/>
  <testcase classname="testCase2" name="test_case" time="2.841"/>
  <testcase classname="testCase3" name="test_Case_3" time="1.26"/>
  <testcase classname="test_Case_4" name="test_Case" time="3.565"/>
  <testcase classname="test_5th_Case" name="test_case_5" time="2.267"/>
</testsuite> <!-- myTest -->
