<?xml version="1.0" encoding="UTF-8"?>
<testng-results ignored="0" total="5" passed="5" failed="0" skipped="0">
  <reporter-output>
  </reporter-output>
  <suite started-at="2022-12-20T13:01:40 IST" name="mySuite" finished-at="2022-12-20T13:02:18 IST" duration-ms="38224">
    <groups>
    </groups>
    <test started-at="2022-12-20T13:01:40 IST" name="myTest" finished-at="2022-12-20T13:02:18 IST" duration-ms="38224">
      <class name="test_Case_4">
        <test-method is-config="true" signature="openBrowser()[pri:0, instance:test_Case_4@436a4e4b]" started-at="2022-12-20T13:01:54 IST" name="openBrowser" finished-at="2022-12-20T13:01:55 IST" duration-ms="1122" status="PASS">
          <reporter-output>
          </reporter-output>
        </test-method> <!-- openBrowser -->
        <test-method signature="test_Case()[pri:0, instance:test_Case_4@436a4e4b]" started-at="2022-12-20T13:01:55 IST" name="test_Case" finished-at="2022-12-20T13:01:58 IST" duration-ms="3565" status="PASS">
          <reporter-output>
          </reporter-output>
        </test-method> <!-- test_Case -->
        <test-method is-config="true" signature="closeBrowser()[pri:0, instance:test_Case_4@436a4e4b]" started-at="2022-12-20T13:01:58 IST" name="closeBrowser" finished-at="2022-12-20T13:01:59 IST" duration-ms="149" status="PASS">
          <reporter-output>
          </reporter-output>
        </test-method> <!-- closeBrowser -->
      </class> <!-- test_Case_4 -->
      <class name="caseFile">
        <test-method signature="test_case()[pri:0, instance:caseFile@3ec300f1]" started-at="2022-12-20T13:01:40 IST" name="test_case" finished-at="2022-12-20T13:01:47 IST" duration-ms="6955" status="PASS">
          <reporter-output>
          </reporter-output>
        </test-method> <!-- test_case -->
      </class> <!-- caseFile -->
      <class name="test_5th_Case">
        <test-method is-config="true" signature="openBrowser()[pri:0, instance:test_5th_Case@f2f2cc1]" started-at="2022-12-20T13:01:59 IST" name="openBrowser" finished-at="2022-12-20T13:02:00 IST" duration-ms="1025" status="PASS">
          <reporter-output>
          </reporter-output>
        </test-method> <!-- openBrowser -->
        <test-method signature="test_case_5()[pri:0, instance:test_5th_Case@f2f2cc1]" started-at="2022-12-20T13:02:00 IST" name="test_case_5" finished-at="2022-12-20T13:02:02 IST" duration-ms="2267" status="PASS">
          <reporter-output>
          </reporter-output>
        </test-method> <!-- test_case_5 -->
        <test-method is-config="true" signature="CloseBrowser()[pri:0, instance:test_5th_Case@f2f2cc1]" started-at="2022-12-20T13:02:02 IST" name="CloseBrowser" finished-at="2022-12-20T13:02:18 IST" duration-ms="16207" status="PASS">
          <reporter-output>
          </reporter-output>
        </test-method> <!-- CloseBrowser -->
      </class> <!-- test_5th_Case -->
      <class name="testCase3">
        <test-method is-config="true" signature="openBrowser()[pri:0, instance:testCase3@657c8ad9]" started-at="2022-12-20T13:01:51 IST" name="openBrowser" finished-at="2022-12-20T13:01:52 IST" duration-ms="1134" status="PASS">
          <reporter-output>
          </reporter-output>
        </test-method> <!-- openBrowser -->
        <test-method signature="test_Case_3()[pri:0, instance:testCase3@657c8ad9]" started-at="2022-12-20T13:01:52 IST" name="test_Case_3" finished-at="2022-12-20T13:01:54 IST" duration-ms="1260" status="PASS">
          <reporter-output>
          </reporter-output>
        </test-method> <!-- test_Case_3 -->
        <test-method is-config="true" signature="closeBrowser()[pri:0, instance:testCase3@657c8ad9]" started-at="2022-12-20T13:01:54 IST" name="closeBrowser" finished-at="2022-12-20T13:01:54 IST" duration-ms="134" status="PASS">
          <reporter-output>
          </reporter-output>
        </test-method> <!-- closeBrowser -->
      </class> <!-- testCase3 -->
      <class name="testCase2">
        <test-method is-config="true" signature="OpenBrowser()[pri:0, instance:testCase2@12d3a4e9]" started-at="2022-12-20T13:01:47 IST" name="OpenBrowser" finished-at="2022-12-20T13:01:48 IST" duration-ms="1404" status="PASS">
          <reporter-output>
          </reporter-output>
        </test-method> <!-- OpenBrowser -->
        <test-method signature="test_case()[pri:0, instance:testCase2@12d3a4e9]" started-at="2022-12-20T13:01:48 IST" name="test_case" finished-at="2022-12-20T13:01:51 IST" duration-ms="2841" status="PASS">
          <reporter-output>
          </reporter-output>
        </test-method> <!-- test_case -->
        <test-method is-config="true" signature="CloseBrowser()[pri:0, instance:testCase2@12d3a4e9]" started-at="2022-12-20T13:01:51 IST" name="CloseBrowser" finished-at="2022-12-20T13:01:51 IST" duration-ms="114" status="PASS">
          <reporter-output>
          </reporter-output>
        </test-method> <!-- CloseBrowser -->
      </class> <!-- testCase2 -->
    </test> <!-- myTest -->
  </suite> <!-- mySuite -->
</testng-results>
